  ExcelFstream.cpp
H:\PROGRAMMING\OOP\Project\OOP-Project---Fashion-Shop-Management-System\ExcelFstream\ExcelFstream.cpp(102,20): warning C4018: '<': signed/unsigned mismatch
H:\PROGRAMMING\OOP\Project\OOP-Project---Fashion-Shop-Management-System\ExcelFstream\ExcelFstream.cpp(136,11): error C2065: 'file_in': undeclared identifier
H:\PROGRAMMING\OOP\Project\OOP-Project---Fashion-Shop-Management-System\ExcelFstream\ExcelFstream.cpp(139,11): error C2065: 'file_in': undeclared identifier
H:\PROGRAMMING\OOP\Project\OOP-Project---Fashion-Shop-Management-System\ExcelFstream\ExcelFstream.cpp(230,27): error C2679: binary '>>': no operator found which takes a right-hand operand of type 'Account' (or there is no acceptable conversion)
C:\Program Files (x86)\Microsoft Visual Studio\2019\Community\VC\Tools\MSVC\14.27.29110\include\istream(294,39): message : could be 'std::basic_istream<char,std::char_traits<char>> &std::basic_istream<char,std::char_traits<char>>::operator >>(std::basic_streambuf<char,std::char_traits<char>> *)'
C:\Program Files (x86)\Microsoft Visual Studio\2019\Community\VC\Tools\MSVC\14.27.29110\include\istream(290,39): message : or       'std::basic_istream<char,std::char_traits<char>> &std::basic_istream<char,std::char_traits<char>>::operator >>(void *&)'
C:\Program Files (x86)\Microsoft Visual Studio\2019\Community\VC\Tools\MSVC\14.27.29110\include\istream(286,39): message : or       'std::basic_istream<char,std::char_traits<char>> &std::basic_istream<char,std::char_traits<char>>::operator >>(long double &)'
C:\Program Files (x86)\Microsoft Visual Studio\2019\Community\VC\Tools\MSVC\14.27.29110\include\istream(282,39): message : or       'std::basic_istream<char,std::char_traits<char>> &std::basic_istream<char,std::char_traits<char>>::operator >>(double &)'
C:\Program Files (x86)\Microsoft Visual Studio\2019\Community\VC\Tools\MSVC\14.27.29110\include\istream(278,39): message : or       'std::basic_istream<char,std::char_traits<char>> &std::basic_istream<char,std::char_traits<char>>::operator >>(float &)'
C:\Program Files (x86)\Microsoft Visual Studio\2019\Community\VC\Tools\MSVC\14.27.29110\include\istream(274,39): message : or       'std::basic_istream<char,std::char_traits<char>> &std::basic_istream<char,std::char_traits<char>>::operator >>(unsigned __int64 &)'
C:\Program Files (x86)\Microsoft Visual Studio\2019\Community\VC\Tools\MSVC\14.27.29110\include\istream(270,39): message : or       'std::basic_istream<char,std::char_traits<char>> &std::basic_istream<char,std::char_traits<char>>::operator >>(__int64 &)'
C:\Program Files (x86)\Microsoft Visual Studio\2019\Community\VC\Tools\MSVC\14.27.29110\include\istream(266,39): message : or       'std::basic_istream<char,std::char_traits<char>> &std::basic_istream<char,std::char_traits<char>>::operator >>(unsigned long &)'
C:\Program Files (x86)\Microsoft Visual Studio\2019\Community\VC\Tools\MSVC\14.27.29110\include\istream(262,39): message : or       'std::basic_istream<char,std::char_traits<char>> &std::basic_istream<char,std::char_traits<char>>::operator >>(long &)'
C:\Program Files (x86)\Microsoft Visual Studio\2019\Community\VC\Tools\MSVC\14.27.29110\include\istream(258,39): message : or       'std::basic_istream<char,std::char_traits<char>> &std::basic_istream<char,std::char_traits<char>>::operator >>(unsigned int &)'
C:\Program Files (x86)\Microsoft Visual Studio\2019\Community\VC\Tools\MSVC\14.27.29110\include\istream(250,39): message : or       'std::basic_istream<char,std::char_traits<char>> &std::basic_istream<char,std::char_traits<char>>::operator >>(int &)'
C:\Program Files (x86)\Microsoft Visual Studio\2019\Community\VC\Tools\MSVC\14.27.29110\include\istream(246,39): message : or       'std::basic_istream<char,std::char_traits<char>> &std::basic_istream<char,std::char_traits<char>>::operator >>(unsigned short &)'
C:\Program Files (x86)\Microsoft Visual Studio\2019\Community\VC\Tools\MSVC\14.27.29110\include\istream(214,39): message : or       'std::basic_istream<char,std::char_traits<char>> &std::basic_istream<char,std::char_traits<char>>::operator >>(short &)'
C:\Program Files (x86)\Microsoft Visual Studio\2019\Community\VC\Tools\MSVC\14.27.29110\include\istream(210,39): message : or       'std::basic_istream<char,std::char_traits<char>> &std::basic_istream<char,std::char_traits<char>>::operator >>(bool &)'
C:\Program Files (x86)\Microsoft Visual Studio\2019\Community\VC\Tools\MSVC\14.27.29110\include\istream(188,39): message : or       'std::basic_istream<char,std::char_traits<char>> &std::basic_istream<char,std::char_traits<char>>::operator >>(std::ios_base &(__cdecl *)(std::ios_base &))'
C:\Program Files (x86)\Microsoft Visual Studio\2019\Community\VC\Tools\MSVC\14.27.29110\include\istream(183,39): message : or       'std::basic_istream<char,std::char_traits<char>> &std::basic_istream<char,std::char_traits<char>>::operator >>(std::basic_ios<char,std::char_traits<char>> &(__cdecl *)(std::basic_ios<char,std::char_traits<char>> &))'
C:\Program Files (x86)\Microsoft Visual Studio\2019\Community\VC\Tools\MSVC\14.27.29110\include\istream(178,39): message : or       'std::basic_istream<char,std::char_traits<char>> &std::basic_istream<char,std::char_traits<char>>::operator >>(std::basic_istream<char,std::char_traits<char>> &(__cdecl *)(std::basic_istream<char,std::char_traits<char>> &))'
C:\Program Files (x86)\Microsoft Visual Studio\2019\Community\VC\Tools\MSVC\14.27.29110\include\istream(867,31): message : or       'std::basic_istream<char,std::char_traits<char>> &std::operator >><std::char_traits<char>>(std::basic_istream<char,std::char_traits<char>> &,unsigned char &)'
C:\Program Files (x86)\Microsoft Visual Studio\2019\Community\VC\Tools\MSVC\14.27.29110\include\istream(861,31): message : or       'std::basic_istream<char,std::char_traits<char>> &std::operator >><std::char_traits<char>>(std::basic_istream<char,std::char_traits<char>> &,signed char &)'
C:\Program Files (x86)\Microsoft Visual Studio\2019\Community\VC\Tools\MSVC\14.27.29110\include\istream(832,31): message : or       'std::basic_istream<char,std::char_traits<char>> &std::operator >><std::char_traits<char>>(std::basic_istream<char,std::char_traits<char>> &,unsigned char *)'
C:\Program Files (x86)\Microsoft Visual Studio\2019\Community\VC\Tools\MSVC\14.27.29110\include\istream(827,31): message : or       'std::basic_istream<char,std::char_traits<char>> &std::operator >><std::char_traits<char>>(std::basic_istream<char,std::char_traits<char>> &,signed char *)'
H:\PROGRAMMING\OOP\Project\OOP-Project---Fashion-Shop-Management-System\ExcelFstream\ExcelFstream.cpp(230,27): message : while trying to match the argument list '(std::ifstream, Account)'
H:\PROGRAMMING\OOP\Project\OOP-Project---Fashion-Shop-Management-System\ExcelFstream\ExcelFstream.cpp(350,20): warning C4018: '<': signed/unsigned mismatch
H:\PROGRAMMING\OOP\Project\OOP-Project---Fashion-Shop-Management-System\ExcelFstream\ExcelFstream.cpp(414,21): error C2248: 'Account::_account_id': cannot access private member declared in class 'Account'
H:\PROGRAMMING\OOP\Project\OOP-Project---Fashion-Shop-Management-System\Fashion Shop Management System\Account.h(18): message : see declaration of 'Account::_account_id'
H:\PROGRAMMING\OOP\Project\OOP-Project---Fashion-Shop-Management-System\Fashion Shop Management System\Account.h(14): message : see declaration of 'Account'
H:\PROGRAMMING\OOP\Project\OOP-Project---Fashion-Shop-Management-System\ExcelFstream\ExcelFstream.cpp(419,20): error C2248: 'Person::_date_of_birth': cannot access protected member declared in class 'Person'
H:\PROGRAMMING\OOP\Project\OOP-Project---Fashion-Shop-Management-System\Fashion Shop Management System\Person_Customer_Staff_Seller_Security.h(20): message : see declaration of 'Person::_date_of_birth'
H:\PROGRAMMING\OOP\Project\OOP-Project---Fashion-Shop-Management-System\Fashion Shop Management System\Person_Customer_Staff_Seller_Security.h(15): message : see declaration of 'Person'
  main.cpp
  Generating Code...
