  Account.cpp
  Bill.cpp
D:\FIRST YEAR\HK3\OOP\Đồ án quản lí shop\Fashion Shop Management System\Bill.h(7,10): fatal error C1083: Cannot open include file: 'Date.h': No such file or directory
  main.cpp
D:\FIRST YEAR\HK3\OOP\Đồ án quản lí shop\Fashion Shop Management System\Bill.h(7,10): fatal error C1083: Cannot open include file: 'Date.h': No such file or directory
  MembershipLevel.cpp
  Menu.cpp
D:\FIRST YEAR\HK3\OOP\Đồ án quản lí shop\Fashion Shop Management System\Person_Customer_Staff_Seller_Security.h(9,10): fatal error C1083: Cannot open include file: 'Date.h': No such file or directory
D:\FIRST YEAR\HK3\OOP\Đồ án quản lí shop\Fashion Shop Management System\Menu.h(27,15): warning C4838: conversion from 'int' to 'SHORT' requires a narrowing conversion
D:\FIRST YEAR\HK3\OOP\Đồ án quản lí shop\Fashion Shop Management System\Menu.h(27,18): warning C4838: conversion from 'int' to 'SHORT' requires a narrowing conversion
D:\FIRST YEAR\HK3\OOP\Đồ án quản lí shop\Fashion Shop Management System\Menu.cpp(13,40): warning C4267: 'argument': conversion from 'size_t' to 'int', possible loss of data
D:\FIRST YEAR\HK3\OOP\Đồ án quản lí shop\Fashion Shop Management System\Menu.cpp(19,40): warning C4267: 'argument': conversion from 'size_t' to 'int', possible loss of data
D:\FIRST YEAR\HK3\OOP\Đồ án quản lí shop\Fashion Shop Management System\Menu.cpp(24,42): warning C4267: 'argument': conversion from 'size_t' to 'int', possible loss of data
D:\FIRST YEAR\HK3\OOP\Đồ án quản lí shop\Fashion Shop Management System\Menu.cpp(29,42): warning C4267: 'argument': conversion from 'size_t' to 'int', possible loss of data
D:\FIRST YEAR\HK3\OOP\Đồ án quản lí shop\Fashion Shop Management System\Menu.cpp(34,42): warning C4267: 'argument': conversion from 'size_t' to 'int', possible loss of data
D:\FIRST YEAR\HK3\OOP\Đồ án quản lí shop\Fashion Shop Management System\Menu.cpp(42,40): warning C4267: 'argument': conversion from 'size_t' to 'int', possible loss of data
D:\FIRST YEAR\HK3\OOP\Đồ án quản lí shop\Fashion Shop Management System\Menu.cpp(47,42): warning C4267: 'argument': conversion from 'size_t' to 'int', possible loss of data
D:\FIRST YEAR\HK3\OOP\Đồ án quản lí shop\Fashion Shop Management System\Menu.cpp(58,40): warning C4267: 'argument': conversion from 'size_t' to 'int', possible loss of data
D:\FIRST YEAR\HK3\OOP\Đồ án quản lí shop\Fashion Shop Management System\Menu.cpp(63,42): warning C4267: 'argument': conversion from 'size_t' to 'int', possible loss of data
D:\FIRST YEAR\HK3\OOP\Đồ án quản lí shop\Fashion Shop Management System\Menu.cpp(68,42): warning C4267: 'argument': conversion from 'size_t' to 'int', possible loss of data
D:\FIRST YEAR\HK3\OOP\Đồ án quản lí shop\Fashion Shop Management System\Menu.cpp(73,42): warning C4267: 'argument': conversion from 'size_t' to 'int', possible loss of data
D:\FIRST YEAR\HK3\OOP\Đồ án quản lí shop\Fashion Shop Management System\Menu.cpp(83,40): warning C4267: 'argument': conversion from 'size_t' to 'int', possible loss of data
D:\FIRST YEAR\HK3\OOP\Đồ án quản lí shop\Fashion Shop Management System\Menu.cpp(88,42): warning C4267: 'argument': conversion from 'size_t' to 'int', possible loss of data
D:\FIRST YEAR\HK3\OOP\Đồ án quản lí shop\Fashion Shop Management System\Menu.cpp(93,42): warning C4267: 'argument': conversion from 'size_t' to 'int', possible loss of data
D:\FIRST YEAR\HK3\OOP\Đồ án quản lí shop\Fashion Shop Management System\Menu.cpp(98,42): warning C4267: 'argument': conversion from 'size_t' to 'int', possible loss of data
D:\FIRST YEAR\HK3\OOP\Đồ án quản lí shop\Fashion Shop Management System\Menu.cpp(103,42): warning C4267: 'argument': conversion from 'size_t' to 'int', possible loss of data
D:\FIRST YEAR\HK3\OOP\Đồ án quản lí shop\Fashion Shop Management System\Menu.cpp(112,40): warning C4267: 'argument': conversion from 'size_t' to 'int', possible loss of data
D:\FIRST YEAR\HK3\OOP\Đồ án quản lí shop\Fashion Shop Management System\Menu.cpp(117,42): warning C4267: 'argument': conversion from 'size_t' to 'int', possible loss of data
  Person_Customer_Staff_Seller_Security.cpp
D:\FIRST YEAR\HK3\OOP\Đồ án quản lí shop\Fashion Shop Management System\Menu.cpp(122,42): warning C4267: 'argument': conversion from 'size_t' to 'int', possible loss of data
  Product.cpp
D:\FIRST YEAR\HK3\OOP\Đồ án quản lí shop\Fashion Shop Management System\Person_Customer_Staff_Seller_Security.h(9,10): fatal error C1083: Cannot open include file: 'Date.h': No such file or directory
  Shop.cpp
D:\FIRST YEAR\HK3\OOP\Đồ án quản lí shop\Fashion Shop Management System\Product.h(9,10): fatal error C1083: Cannot open include file: 'Date.h': No such file or directory
  Generating Code...
D:\FIRST YEAR\HK3\OOP\Đồ án quản lí shop\Fashion Shop Management System\Person_Customer_Staff_Seller_Security.h(9,10): fatal error C1083: Cannot open include file: 'Date.h': No such file or directory
